current directory: /home/atlas/docker/hellblazer/bundle/ruby/2.7.0/gems/yajl-ruby-1.4.1/ext/yajl
/home/atlas/.rvm/rubies/ruby-2.7.3/bin/ruby -I /home/atlas/.rvm/rubies/ruby-2.7.3/lib/ruby/2.7.0 -r ./siteconf20210501-177048-1upslbk.rb extconf.rb
creating Makefile

current directory: /home/atlas/docker/hellblazer/bundle/ruby/2.7.0/gems/yajl-ruby-1.4.1/ext/yajl
make "DESTDIR=" clean

current directory: /home/atlas/docker/hellblazer/bundle/ruby/2.7.0/gems/yajl-ruby-1.4.1/ext/yajl
make "DESTDIR="
compiling yajl.c
compiling yajl_alloc.c
compiling yajl_buf.c
compiling yajl_encode.c
compiling yajl_ext.c
yajl_ext.c: In function ‘rb_yajl_parser_parse’:
yajl_ext.c:496:17: warning: variable ‘stat’ set but not used [-Wunused-but-set-variable]
  496 |     yajl_status stat;
      |                 ^~~~
yajl_ext.c: At top level:
cc1: warning: unrecognized command line option ‘-Wno-self-assign’
cc1: warning: unrecognized command line option ‘-Wno-parentheses-equality’
cc1: warning: unrecognized command line option ‘-Wno-constant-logical-operand’
compiling yajl_gen.c
compiling yajl_lex.c
yajl_lex.c: In function ‘yajl_tok_name’:
yajl_lex.c:42:5: warning: enumeration value ‘yajl_tok_comment’ not handled in switch [-Wswitch]
   42 |     switch (tok) {
      |     ^~~~~~
yajl_lex.c: At top level:
cc1: warning: unrecognized command line option ‘-Wno-self-assign’
cc1: warning: unrecognized command line option ‘-Wno-parentheses-equality’
cc1: warning: unrecognized command line option ‘-Wno-constant-logical-operand’
compiling yajl_parser.c
compiling yajl_version.c
linking shared-object yajl/yajl.so

current directory: /home/atlas/docker/hellblazer/bundle/ruby/2.7.0/gems/yajl-ruby-1.4.1/ext/yajl
make "DESTDIR=" install
/usr/bin/install -m 0755 yajl.so ./.gem.20210501-177048-w55hzb/yajl
